2025/11/22 15:05:25 Starting Application...
2025/11/22 15:05:25 Server running on port :3000
2025/11/22 15:24:58 Starting Application...
2025/11/22 15:24:58 Server running on port :3000
2025/11/22 22:12:58 Starting Application...
2025/11/22 22:12:58 Server running on port :3000
2025/11/23 20:19:09 Starting Application...
2025/11/23 20:19:10 🔄 Running Auto Migration for PostgreSQL...
2025/11/23 20:19:10 ❌ Auto Migration Failed: ERROR: relation "achievement_references" does not exist (SQLSTATE 42P01)
2025/11/23 20:26:09 Starting Application...
2025/11/23 20:26:09 🔄 Running Auto Migration for PostgreSQL...
2025/11/23 20:26:09 ❌ Auto Migration Failed: ERROR: relation "achievement_references" does not exist (SQLSTATE 42P01)
2025/11/23 20:35:22 Starting Application...
2025/11/23 20:35:22 🔄 Running Auto Migration for PostgreSQL...
2025/11/23 20:35:22 ❌ Auto Migration Failed: ERROR: relation "achievement_references" does not exist (SQLSTATE 42P01)
2025/11/23 20:39:34 Starting Application...
2025/11/23 20:39:34 🔄 Running Auto Migration for PostgreSQL...
2025/11/23 20:39:34 ❌ Auto Migration Failed: ERROR: relation "achievement_references" does not exist (SQLSTATE 42P01)
2025/11/23 20:40:01 Starting Application...
2025/11/23 20:40:01 🔄 Running Auto Migration for PostgreSQL...
2025/11/23 20:40:01 ❌ Auto Migration Failed: ERROR: relation "achievement_references" does not exist (SQLSTATE 42P01)
2025/11/23 20:41:25 Starting Application...
2025/11/23 20:41:25 🔄 Running Auto Migration for PostgreSQL...
2025/11/23 20:41:25 ❌ Auto Migration Failed: ERROR: relation "achievement_references" does not exist (SQLSTATE 42P01)
2025/11/23 20:44:21 Starting Application...
2025/11/23 20:44:21 🔄 Running Auto Migration for PostgreSQL...
2025/11/23 20:44:21 ❌ Auto Migration Failed: ERROR: relation "achievement_references" does not exist (SQLSTATE 42P01)
2025/11/23 20:45:12 Starting Application...
2025/11/23 20:45:12 🔄 Running Auto Migration for PostgreSQL...
2025/11/23 20:45:12 ❌ Auto Migration Failed: ERROR: relation "achievement_references" does not exist (SQLSTATE 42P01)
2025/11/23 20:45:27 Starting Application...
2025/11/23 20:45:27 🔄 Running Auto Migration for PostgreSQL...
2025/11/23 20:45:27 ❌ Auto Migration Failed: ERROR: relation "achievement_references" does not exist (SQLSTATE 42P01)
2025/11/23 20:49:34 Starting Application...
2025/11/23 20:49:34 🔄 Running Auto Migration for PostgreSQL...
2025/11/23 20:49:34 ❌ Auto Migration Failed: ERROR: relation "achievement_references" does not exist (SQLSTATE 42P01)
2025/11/23 21:11:23 Starting Application...
2025/11/23 21:11:24 🔄 Running Auto Migration for PostgreSQL...
2025/11/23 21:11:24 ✅ Auto Migration completed successfully
2025/11/23 21:11:24 Server running on port :3000
2025/11/23 22:50:17 Starting Application...
2025/11/23 22:50:17 🔄 Running Auto Migration for PostgreSQL...
2025/11/23 22:50:17 ✅ Auto Migration completed successfully
2025/11/23 22:50:17 Server running on port :3000
2025/11/23 23:18:26 Starting Application...
2025/11/23 23:18:26 🔄 Running Auto Migration for PostgreSQL...
2025/11/23 23:18:26 ✅ Auto Migration completed successfully
2025/11/23 23:18:26 Server running on port :3000
2025/11/23 23:26:56 🔄 Running Auto Migration for PostgreSQL...
2025/11/23 23:26:56 ✅ Auto Migration completed successfully
2025/11/23 23:26:56 🚀 Server running on port :3000
2025/11/24 14:23:43 🔄 Running Auto Migration for PostgreSQL...
2025/11/24 14:23:43 ❌ Auto Migration Failed: ERROR: relation "achievement_references" does not exist (SQLSTATE 42P01)
2025/11/24 14:40:46 🔄 Running Auto Migration for PostgreSQL...
2025/11/24 14:40:46 ❌ Auto Migration Failed: ERROR: relation "achievement_references" does not exist (SQLSTATE 42P01)
2025/11/24 15:04:15 🔄 Running Auto Migration for PostgreSQL...
2025/11/24 15:04:15 ❌ Auto Migration Failed: ERROR: relation "achievement_references" does not exist (SQLSTATE 42P01)
2025/11/24 15:05:01 🔄 Running Auto Migration for PostgreSQL...
2025/11/24 15:05:01 ✅ Auto Migration completed successfully
2025/11/24 15:05:01 🚀 Server running on port :3000
2025/11/24 15:35:35 🔄 Running Auto Migration for PostgreSQL...
2025/11/24 15:35:35 ✅ Auto Migration completed successfully
2025/11/24 15:35:35 🚀 Server running on port :3000
[11:50:38] 401 - POST /api/v1/auth/login -   19.375959ms
[12:09:08] 200 - POST /api/v1/auth/login -  428.554875ms
[12:24:06] 200 - POST /api/v1/auth/login -  472.163416ms
[14:21:57] 200 - POST /api/v1/auth/login -  430.848917ms
[03:21:28] 200 - POST /api/v1/auth/login -  968.182292ms
[03:21:58] 404 - POST /api/v1/auth/login/refresh -          85µs
[03:22:07] 200 - POST /api/v1/auth/login/ -  307.775166ms
[03:22:36] 401 - POST /api/v1/auth/refresh -    1.369583ms
[03:23:31] 401 - GET /api/v1/auth/profile -      65.584µs
[03:23:52] 200 - POST /api/v1/auth/login -  311.944666ms
[03:23:56] 401 - GET /api/v1/auth/profile -      44.791µs
[03:32:29] 200 - POST /api/v1/auth/login -  313.706958ms
[03:37:58] 400 - POST /api/v1/auth/login -      88.083µs
[03:40:48] 401 - POST /api/v1/auth/login -   16.607959ms
[03:42:08] 200 - POST /api/v1/auth/refresh -      1.0565ms
[03:43:02] 200 - POST /api/v1/auth/login -  289.817041ms
[03:47:03] 200 - GET /api/v1/auth/profile -    6.030792ms
[03:47:56] 200 - POST /api/v1/auth/refresh -     308.792µs
[03:47:57] 200 - POST /api/v1/auth/refresh -     127.083µs
[03:48:09] 405 - GET /api/v1/auth/logout -       60.75µs
[03:48:12] 200 - POST /api/v1/auth/logout -     124.625µs
[03:48:16] 200 - GET /api/v1/auth/profile -    1.274959ms
[03:48:17] 200 - GET /api/v1/auth/profile -    1.197958ms
[03:48:50] 200 - GET /api/v1/auth/profile -    2.069167ms
[04:30:52] 200 - POST /api/v1/auth/login -  292.713542ms
[04:31:15] 200 - POST /api/v1/auth/logout -     102.792µs
[04:31:24] 200 - GET /api/v1/auth/profile -    1.690333ms
[04:31:36] 200 - POST /api/v1/auth/logout -      62.833µs
[04:31:44] 200 - GET /api/v1/auth/profile -    1.048292ms
[04:36:04] 200 - POST /api/v1/auth/logout -     336.667µs
[04:36:07] 401 - GET /api/v1/auth/profile -      42.667µs
[04:37:18] 200 - POST /api/v1/auth/login -  304.383459ms
[04:37:28] 200 - GET /api/v1/auth/profile -     2.67275ms
[04:37:34] 200 - POST /api/v1/auth/logout -      63.625µs
[04:37:36] 401 - GET /api/v1/auth/profile -      35.875µs
[04:37:40] 200 - POST /api/v1/auth/login -    286.1365ms
[14:08:44] 200 - POST /api/v1/auth/login -  335.052667ms
[14:09:05] 200 - GET /api/v1/auth/profile -    3.043291ms
[14:11:21] 200 - GET /api/v1/auth/profile -    5.726083ms
[14:11:25] 200 - POST /api/v1/auth/login -  284.837875ms
[19:16:37] 200 - POST /api/v1/auth/login -  343.935917ms
[19:47:35] 401 - GET /api/v1/auth/profile -    3.592792ms
[19:47:52] 200 - GET /api/v1/auth/profile -   21.456208ms
[19:48:25] 200 - POST /api/v1/auth/refresh -       2.315ms
[19:48:46] 200 - POST /api/v1/auth/logout -        69.5µs
[19:48:49] 401 - GET /api/v1/auth/profile -      33.416µs
[20:34:20] 401 - GET /api/v1/users -     151.084µs
[20:34:24] 200 - POST /api/v1/auth/login -  302.420958ms
[20:34:44] 200 - GET /api/v1/users -    4.601542ms
[20:44:28] 200 - POST /api/v1/auth/login -  312.214125ms
[20:44:42] 403 - GET /api/v1/users -     587.417µs
[20:44:58] 200 - POST /api/v1/auth/login -  347.316333ms
[20:45:11] 403 - GET /api/v1/users -       145.5µs
[21:44:22] 200 - POST /api/v1/auth/login -  301.966125ms
[21:44:46] 200 - POST /api/v1/auth/login -     286.658ms
[21:46:49] 200 - GET /api/v1/auth/profile -    3.273792ms
[21:48:02] 200 - GET /api/v1/users -      1.2535ms
[21:49:05] 201 - POST /api/v1/users -  107.389166ms
[21:51:27] 200 - GET /api/v1/users -    1.618584ms
[21:51:37] 200 - GET /api/v1/users/025890f0-0342-44c9-a358-95e052a1220d -    1.065166ms
[21:51:43] 200 - GET /api/v1/users/ -     693.791µs
[21:51:50] 200 - GET /api/v1/users/cbe583fb-b3a2-4f2d-a44c-37e48ed6ac2d -     692.833µs
[22:14:13] 200 - GET /api/v1/users/ -   35.101625ms
[22:15:26] 500 - POST /api/v1/users/cbe583fb-b3a2-4f2d-a44c-37e48ed6ac2d -      254.75µs
[22:15:44] 200 - PUT /api/v1/users/cbe583fb-b3a2-4f2d-a44c-37e48ed6ac2d -   18.180417ms
[22:15:48] 200 - GET /api/v1/users/ -     889.334µs
[22:17:45] 201 - POST /api/v1/users -   94.340333ms
[22:18:11] 200 - GET /api/v1/users/ -       1.086ms
[22:19:17] 200 - PUT /api/v1/users/823f1a49-1ac6-4364-8d4d-2722ee2e95ac/role -    4.356792ms
[22:19:21] 200 - GET /api/v1/users/ -     806.125µs
[22:20:23] 200 - DELETE /api/v1/users/823f1a49-1ac6-4364-8d4d-2722ee2e95ac -   12.993042ms
[22:20:27] 200 - GET /api/v1/users/ -     859.292µs
[21:44:11] 200 - POST /api/v1/auth/login -   302.02975ms
[21:44:22] 500 - GET /api/v1/student -     826.667µs
[21:44:31] 200 - GET /api/v1/students -    2.791875ms
[22:02:06] 200 - GET /api/v1/students -    3.785375ms
[22:21:17] 401 - GET /api/v1/users/ -     127.583µs
[22:21:25] 200 - GET /api/v1/users/ -    3.438458ms
[22:22:04] 200 - GET /api/v1/students -     895.958µs
[22:32:11] 200 - GET /api/v1/students -    4.855042ms
[22:35:19] 200 - GET /api/v1/students/4763a326-a8a3-4922-b88b-540ee3884537 -      1.1745ms
[22:39:01] 200 - GET /api/v1/lecturers -    1.055125ms
[22:40:56] 500 - GET /api/v1/students/4763a326-a8a3-4922-b88b-540ee3884537/advisor -      110.75µs
[22:41:01] 200 - PUT /api/v1/students/4763a326-a8a3-4922-b88b-540ee3884537/advisor -     8.50475ms
[22:41:07] 200 - GET /api/v1/students/4763a326-a8a3-4922-b88b-540ee3884537 -     1.02225ms
[22:43:26] 500 - GET /api/v1/lecturers/3be4b0fa-1a14-427f-a813-c6e7ac1682d6 -     101.667µs
[22:43:41] 200 - GET /api/v1/lecturers/3be4b0fa-1a14-427f-a813-c6e7ac1682d6/advisees -     743.208µs
[22:45:36] 401 - PUT /api/v1/students/9e7f4134-8c47-408b-9c64-7de7dd8c7e7b/advisor -     170.875µs
[22:45:48] 200 - POST /api/v1/auth/login -  333.454292ms
[22:46:03] 200 - PUT /api/v1/students/9e7f4134-8c47-408b-9c64-7de7dd8c7e7b/advisor -    2.509625ms
[22:46:12] 401 - GET /api/v1/lecturers/3be4b0fa-1a14-427f-a813-c6e7ac1682d6/advisees -       64.25µs
[22:46:17] 200 - GET /api/v1/lecturers/3be4b0fa-1a14-427f-a813-c6e7ac1682d6/advisees -     745.916µs
[22:47:49] 200 - GET /api/v1/students -     981.583µs
[22:49:08] 200 - GET /api/v1/lecturers/3be4b0fa-1a14-427f-a813-c6e7ac1682d6/advisees -    6.570208ms
[22:51:17] 200 - GET /api/v1/lecturers/3be4b0fa-1a14-427f-a813-c6e7ac1682d6/advisees -       4.117ms
[22:59:27] 200 - POST /api/v1/auth/login -   93.851083ms
[22:59:41] 200 - GET /api/v1/auth/profile -    1.124083ms
[22:59:58] 200 - GET /api/v1/lecturers/3be4b0fa-1a14-427f-a813-c6e7ac1682d6/advisees -    1.941042ms
[23:00:14] 200 - GET /api/v1/lecturers -    1.279541ms
[23:28:12] 200 - POST /api/v1/auth/login -   94.232917ms
[23:28:28] 403 - GET /api/v1/students/4763a326-a8a3-4922-b88b-540ee3884537 -       2.828ms
[23:28:54] 200 - GET /api/v1/students/9e7f4134-8c47-408b-9c64-7de7dd8c7e7b -    1.031666ms
[23:29:13] 403 - GET /api/v1/lecturers/3be4b0fa-1a14-427f-a813-c6e7ac1682d6/advisees -     603.792µs
[23:29:39] 200 - POST /api/v1/auth/login -  282.515333ms
[23:29:49] 200 - GET /api/v1/lecturers/3be4b0fa-1a14-427f-a813-c6e7ac1682d6/advisees -    1.354334ms
[23:30:13] 200 - GET /api/v1/auth/profile -    1.458333ms
[23:30:21] 403 - GET /api/v1/lecturers -      68.584µs
[23:30:41] 403 - GET /api/v1/students/9e7f4134-8c47-408b-9c64-7de7dd8c7e7b -     892.333µs
[12:58:48] 200 - POST /api/v1/auth/login -  312.567292ms
[12:59:37] 401 - POST /api/v1/auth/logout -     183.334µs
[13:40:55] 200 - POST /api/v1/auth/login -   312.32275ms
[13:41:10] 200 - POST /api/v1/auth/login -  282.825959ms
[13:41:19] 200 - GET /api/v1/auth/profile -    1.830334ms
[13:41:26] 200 - POST /api/v1/auth/refresh -     116.875µs
[13:41:31] 401 - GET /api/v1/students -      96.209µs
[13:41:34] 200 - GET /api/v1/students -    3.387042ms
[13:42:56] 200 - POST /api/v1/auth/logout -      168.75µs
[13:43:00] 401 - GET /api/v1/auth/profile -      38.458µs
[13:53:25] 200 - POST /api/v1/auth/login -  309.772083ms
[13:53:38] 200 - GET /api/v1/auth/profile -    2.547833ms
[13:53:54] 403 - GET /api/v1/users/ -     135.083µs
[13:54:03] 403 - GET /api/v1/students/9e7f4134-8c47-408b-9c64-7de7dd8c7e7b -    7.156625ms
[13:54:41] 200 - GET /api/v1/students/4763a326-a8a3-4922-b88b-540ee3884537 -    3.731292ms
[13:56:56] 200 - POST /api/v1/auth/login -  282.716792ms
[13:57:13] 200 - GET /api/v1/auth/profile -    1.211625ms
[13:57:32] 403 - GET /api/v1/lecturers -     116.833µs
[13:58:07] 401 - GET /api/v1/lecturers/3be4b0fa-1a14-427f-a813-c6e7ac1682d6/advisees -     113.167µs
[13:58:16] 200 - GET /api/v1/lecturers/3be4b0fa-1a14-427f-a813-c6e7ac1682d6/advisees -     2.48525ms
[15:03:37] 200 - POST /api/v1/auth/login -  116.527959ms
[15:04:17] 500 - GET /api/v1/achievments -      74.542µs
[15:04:28] 401 - GET /api/v1/achievements -      61.625µs
[15:04:41] 200 - GET /api/v1/achievements -    4.203125ms
[15:13:18] 200 - POST /api/v1/auth/login -   281.69575ms
[15:13:34] 200 - GET /api/v1/students -    4.552708ms
[15:16:16] 500 - GET /api/v1/students -      797.75µs
[15:16:34] 500 - GET /api/v1/students -     685.792µs
[15:16:52] 200 - GET /api/v1/students -    20.31775ms
[15:18:05] 401 - GET /api/v1/users/ -     184.292µs
[15:18:12] 200 - GET /api/v1/users/ -    4.567375ms
[15:18:31] 200 - GET /api/v1/lecturers -     790.083µs
[15:22:53] 200 - GET /api/v1/achievements -    2.580916ms
[15:23:30] 200 - GET /api/v1/achievements -     613.708µs
[15:24:13] 400 - GET /api/v1/achievements -    1.028208ms
[15:24:32] 400 - GET /api/v1/achievements -       8.346ms
[15:24:54] 400 - GET /api/v1/achievements -     818.708µs
[15:25:08] 200 - GET /api/v1/achievements -    3.166792ms
[16:16:31] 200 - POST /api/v1/auth/login -  104.541583ms
[16:16:47] 200 - GET /api/v1/lecturers -    2.833792ms
[16:32:25] 200 - POST /api/v1/auth/login -  304.055958ms
[16:32:40] 200 - GET /api/v1/students -    6.785417ms
[19:09:00] 200 - POST /api/v1/auth/login -  320.310792ms
[19:09:40] 404 - GET /api/v1/students -    4.763791ms
[19:15:29] 404 - GET /api/v1/students -    4.066042ms
[19:16:51] 200 - GET /api/v1/students -   14.040333ms
[19:29:53] 200 - POST /api/v1/auth/login -  309.664709ms
[19:30:42] 200 - POST /api/v1/auth/login -  329.645917ms
[19:31:34] 200 - GET /api/v1/students -    4.850833ms
[19:34:14] 200 - GET /api/v1/students -    5.275708ms
[19:37:15] 200 - GET /api/v1/students -   16.203959ms
[19:38:11] 200 - GET /api/v1/students -    4.384917ms
[19:39:17] 200 - POST /api/v1/auth/login -  294.562667ms
[19:39:27] 200 - GET /api/v1/students -     1.04975ms
[19:40:40] 200 - POST /api/v1/auth/login -   280.45975ms
[19:40:59] 200 - GET /api/v1/students -    2.571542ms
[19:42:48] 500 - GET /api/v1/students -     635.458µs
[19:47:36] 403 - GET /api/v1/students -     388.292µs
[19:47:42] 200 - POST /api/v1/auth/login -  309.981125ms
[19:47:50] 200 - GET /api/v1/students -    4.760125ms
[19:49:27] 200 - POST /api/v1/auth/login -  308.224167ms
[19:49:36] 200 - POST /api/v1/auth/login -    278.2505ms
[19:49:47] 200 - GET /api/v1/students -    4.034625ms
[19:58:13] 200 - POST /api/v1/auth/login -  285.068375ms
[20:11:47] 401 - GET /api/v1/achievements -     252.834µs
[20:12:11] 200 - POST /api/v1/auth/login -  297.832458ms
[11:04:19] 200 - POST /api/v1/auth/login -  325.720042ms
[11:08:17] 401 - POST /api/v1/users -     250.125µs
[11:08:34] 201 - POST /api/v1/users -  139.573667ms
[11:09:28] 201 - POST /api/v1/users -   92.206584ms
[11:14:06] 201 - POST /api/v1/users -  136.725125ms
[11:23:44] 201 - POST /api/v1/users -   94.157333ms
[11:24:11] 201 - POST /api/v1/users -   96.379333ms
[11:24:20] 201 - POST /api/v1/users -   92.030583ms
[11:24:29] 201 - POST /api/v1/users -   94.380375ms
[11:24:35] 201 - POST /api/v1/users -   98.892416ms
[11:24:41] 201 - POST /api/v1/users -   93.602208ms
[11:24:48] 201 - POST /api/v1/users -    93.96075ms
[11:26:05] 401 - PUT /api/v1/users/a9b481a6-e5ff-4d82-8f6b-8fe584f0bb19 -     317.792µs
[11:26:16] 200 - PUT /api/v1/users/a9b481a6-e5ff-4d82-8f6b-8fe584f0bb19 -   38.019542ms
[11:28:22] 201 - POST /api/v1/users -   94.908625ms
[11:28:52] 201 - POST /api/v1/users -  100.559959ms
[11:29:03] 201 - POST /api/v1/users -   94.934084ms
[11:29:11] 201 - POST /api/v1/users -   95.427667ms
[11:36:36] 401 - PUT /api/v1/students/fdd73e2c-8009-4503-8022-0e13784cd8ad/advisor -    2.583333ms
[11:36:47] 404 - PUT /api/v1/students/fdd73e2c-8009-4503-8022-0e13784cd8ad/advisor -    9.041542ms
[11:37:16] 200 - GET /api/v1/students -     3.53125ms
[11:38:16] 200 - PUT /api/v1/students/1624b4f9-fbe7-431e-b91f-a09f7792ca7a/advisor -     7.00475ms
[11:38:24] 200 - GET /api/v1/students -    1.090834ms
[11:41:21] 200 - GET /api/v1/students -    2.456792ms
[11:43:42] 200 - GET /api/v1/students -    1.831625ms
[11:46:01] 200 - GET /api/v1/students -    6.584708ms
[11:50:01] 200 - GET /api/v1/students -    2.645458ms
[12:34:49] 401 - GET /api/v1/achievements -    3.863875ms
[12:34:58] 200 - POST /api/v1/auth/login -  290.455958ms
[12:35:10] 200 - GET /api/v1/achievements -   11.055541ms
[14:22:33] 200 - POST /api/v1/auth/login -  305.427959ms
[14:23:26] 401 - GET /api/v1/students -      244.75µs
[14:23:34] 200 - GET /api/v1/students -     3.26175ms
[15:51:41] 401 - POST /api/v1/achievements -      249.75µs
[15:52:07] 200 - POST /api/v1/auth/login -  301.540584ms
[16:17:34] 201 - POST /api/v1/achievements -   59.465084ms
[19:24:46] 401 - GET /api/v1/students -     471.917µs
[19:24:56] 200 - GET /api/v1/students -   41.006917ms
[19:34:54] 200 - POST /api/v1/auth/login -  300.772625ms
[19:35:05] 401 - POST /api/v1/achievements -     186.333µs
[19:39:28] 404 - POST /api/v1/achievements -    3.075417ms
[19:45:56] 403 - POST /api/v1/achievements -         771µs
[19:46:02] 200 - POST /api/v1/auth/login -  322.243625ms
[19:46:19] 403 - POST /api/v1/achievements -     228.042µs
[19:48:40] 403 - POST /api/v1/achievements -      2.4535ms
[21:18:05] 200 - POST /api/v1/auth/login -   302.67075ms
[21:18:17] 201 - POST /api/v1/achievements -   22.746875ms
[21:19:09] 200 - POST /api/v1/auth/login -   94.352667ms
[21:19:36] 200 - POST /api/v1/auth/login -   90.382208ms
[21:19:54] 201 - POST /api/v1/achievements -    3.706584ms
[22:17:09] 403 - GET /api/v1/users -       265.5µs
[22:23:20] 200 - POST /api/v1/auth/login -  299.634875ms
[22:23:38] 200 - GET /api/v1/users -    3.932084ms
[22:46:40] 401 - POST /api/v1/auth/login -   21.081166ms
[22:47:00] 200 - POST /api/v1/auth/login -  289.329042ms
[22:47:15] 200 - POST /api/v1/auth/login -   92.951792ms
[23:20:13] 200 - POST /api/v1/auth/login -   291.20125ms
[23:20:28] 200 - GET /api/v1/achievements -  140.516709ms
[23:21:19] 200 - GET /api/v1/achievements/d42871b0-ea3b-4210-92ed-56e2fe27900b -   60.239875ms
[23:21:36] 200 - GET /api/v1/achievements/ -    3.648417ms
[23:21:44] 200 - GET /api/v1/achievements/b35ad8d4-57c4-4fa4-b859-fbeac0a720c5 -    1.263542ms
[23:21:49] 200 - GET /api/v1/achievements/ -    3.402792ms
[23:21:56] 500 - GET /api/v1/achievements/023d34ab-82ea-4910-b1eb-771dedd19fb2 -    1.503292ms
[23:22:01] 200 - GET /api/v1/achievements/ -    3.622041ms
[23:24:16] 200 - POST /api/v1/auth/login -  284.652333ms
[23:24:42] 403 - POST /api/v1/achievements -    1.760667ms
[23:25:08] 403 - POST /api/v1/achievements -     145.875µs
[23:26:54] 200 - POST /api/v1/auth/login -  291.608917ms
[23:27:25] 200 - GET /api/v1/achievements/ -    3.792083ms
[23:27:39] 200 - GET /api/v1/achievements/b35ad8d4-57c4-4fa4-b859-fbeac0a720c5 -    1.555834ms
[23:28:50] 200 - GET /api/v1/achievements/ -   16.075666ms
[23:33:43] 200 - GET /api/v1/achievements/ -   41.201541ms
[23:34:07] 200 - GET /api/v1/achievements/d42871b0-ea3b-4210-92ed-56e2fe27900b -    4.282875ms
[23:35:32] 200 - GET /api/v1/achievements/ -    3.104292ms
[23:54:12] 200 - GET /api/v1/achievements/ -   26.875667ms
[23:55:33] 200 - GET /api/v1/achievements/b35ad8d4-57c4-4fa4-b859-fbeac0a720c5 -    4.314333ms
[23:58:29] 200 - GET /api/v1/achievements/b35ad8d4-57c4-4fa4-b859-fbeac0a720c5 -     6.88375ms
[23:58:50] 200 - GET /api/v1/achievements/ -      6.9075ms
[23:59:22] 200 - GET /api/v1/achievements/ -   14.514708ms
[23:59:33] 200 - GET /api/v1/achievements/b35ad8d4-57c4-4fa4-b859-fbeac0a720c5 -    2.045208ms
[00:00:04] 200 - GET /api/v1/achievements/ -   10.754333ms
[00:04:32] 200 - GET /api/v1/achievements/ -   25.403375ms
[00:04:45] 404 - GET /api/v1/achievements/b35ad8d4-57c4-4fa4-b859-fbeac0a720c5 -    2.687792ms
[00:07:01] 200 - GET /api/v1/achievements/ -     63.0955ms
[00:07:42] 200 - GET /api/v1/achievements/b35ad8d4-57c4-4fa4-b859-fbeac0a720c5 -    2.769666ms
[00:07:55] 200 - GET /api/v1/achievements/ -    2.592083ms
[00:10:44] 200 - GET /api/v1/achievements/ -    7.889916ms
[14:20:22] 200 - POST /api/v1/auth/login -  334.085417ms
[14:20:59] 200 - GET /api/v1/achievements/ -   21.797417ms
[14:23:12] 200 - GET /api/v1/achievements/b35ad8d4-57c4-4fa4-b859-fbeac0a720c5 -    4.163083ms
[14:01:20] 200 - POST /api/v1/auth/login -    485.4515ms
[14:01:47] 200 - POST /api/v1/auth/login -  285.884791ms
[14:02:46] 200 - POST /api/v1/auth/login -  298.028291ms
[14:02:54] 200 - GET /api/v1/achievements/b35ad8d4-57c4-4fa4-b859-fbeac0a720c5 -   57.709708ms
[14:04:08] 200 - GET /api/v1/achievements/b35ad8d4-57c4-4fa4-b859-fbeac0a720c5 -   43.639041ms
[14:04:16] 200 - GET /api/v1/achievements/ -     4.88975ms
[14:07:39] 200 - POST /api/v1/auth/login -    309.4575ms
[14:07:46] 200 - GET /api/v1/achievements/ -   23.828833ms
[14:11:43] 200 - GET /api/v1/achievements/ -   52.107666ms
[14:11:47] 200 - POST /api/v1/auth/login -  281.003709ms
[14:11:56] 403 - GET /api/v1/students -     168.167µs
[14:13:10] 200 - POST /api/v1/auth/login -  307.914209ms
[14:13:17] 200 - GET /api/v1/achievements/ -   18.457791ms
[14:16:16] 200 - POST /api/v1/auth/login -  123.063125ms
[14:16:23] 200 - GET /api/v1/achievements/ -    21.10975ms
[14:16:35] 200 - POST /api/v1/auth/login -    87.65375ms
[14:16:41] 200 - GET /api/v1/achievements/ -    3.230584ms
[14:21:10] 401 - POST /api/v1/auth/login -   19.897083ms
[14:21:37] 401 - POST /api/v1/auth/login -      1.5035ms
[14:22:19] 200 - POST /api/v1/auth/login -  297.037208ms
[14:22:27] 200 - POST /api/v1/auth/login -  283.910958ms
[14:22:34] 200 - GET /api/v1/achievements/ -   13.560583ms
[14:22:50] 200 - POST /api/v1/auth/login -   87.557208ms
[14:22:56] 200 - GET /api/v1/achievements/ -    2.597708ms
[14:28:56] 200 - GET /api/v1/achievements/ -    5.936375ms
[14:29:45] 200 - GET /api/v1/achievements/ -   13.572291ms
[14:30:59] 500 - GET /api/v1/achievements/3f8b6daa-065d-4fe3-a59d-fc8cbf7ea404/submit -     197.125µs
[14:31:04] 403 - POST /api/v1/achievements/3f8b6daa-065d-4fe3-a59d-fc8cbf7ea404/submit -      98.208µs
[14:31:40] 403 - POST /api/v1/achievements/3f8b6daa-065d-4fe3-a59d-fc8cbf7ea404/submit -     406.833µs
[14:31:57] 403 - POST /api/v1/achievements/3f8b6daa-065d-4fe3-a59d-fc8cbf7ea404/submit -     615.333µs
[14:32:06] 403 - POST /api/v1/achievements/3f8b6daa-065d-4fe3-a59d-fc8cbf7ea404/submit -     276.042µs
[14:32:26] 403 - POST /api/v1/achievements/3f8b6daa-065d-4fe3-a59d-fc8cbf7ea404/submit -     383.833µs
[14:32:37] 400 - POST /api/v1/achievements/3f8b6daa-065d-4fe3-a59d-fc8cbf7ea404/submit -   19.216708ms
[14:33:52] 200 - POST /api/v1/achievements/3f8b6daa-065d-4fe3-a59d-fc8cbf7ea404/submit -   30.737625ms
[14:34:26] 401 - POST /api/v1/auth/login -   10.508583ms
[14:34:33] 200 - POST /api/v1/auth/login -   93.611209ms
[14:35:05] 403 - POST /api/v1/achievements/3f8b6daa-065d-4fe3-a59d-fc8cbf7ea404/submit -    1.104333ms
[10:55:10] 200 - POST /api/v1/auth/login -  366.007458ms
[10:55:26] 404 - GET /api/v1/achievements/ -    2.577666ms
[10:55:40] 404 - GET /api/v1/achievements/ -      1.3695ms
[10:55:41] 404 - GET /api/v1/achievements/ -     326.666µs
[10:55:58] 404 - GET /api/v1/achievements/ -    1.204958ms
[10:56:30] 404 - GET /api/v1/achievements/ -     653.875µs
[10:56:38] 200 - GET /api/v1/achievements/ -   16.655875ms
[10:58:20] 200 - POST /api/v1/auth/login -   96.436541ms
[10:58:32] 200 - GET /api/v1/achievements/ -     1.71025ms
[11:05:23] 500 - GET /api/v1/achievements/3f8b6daa-065d-4fe3-a59d-fc8cbf7ea404 -     23.4135ms
[11:05:52] 200 - POST /api/v1/auth/login -  287.780625ms
[11:06:12] 500 - GET /api/v1/achievements/3f8b6daa-065d-4fe3-a59d-fc8cbf7ea404 -     1.08275ms
[11:06:16] 200 - GET /api/v1/achievements/ -    2.619208ms
[11:06:25] 500 - GET /api/v1/achievements/3f8b6daa-065d-4fe3-a59d-fc8cbf7ea404 -     859.375µs
[11:06:32] 200 - GET /api/v1/achievements/ -         688µs
[11:15:18] 500 - GET /api/v1/achievements/3f8b6daa-065d-4fe3-a59d-fc8cbf7ea404 -   13.804958ms
[11:15:38] 500 - GET /api/v1/achievements/3f8b6daa-065d-4fe3-a59d-fc8cbf7ea404 -    5.522917ms
[11:17:08] 500 - GET /api/v1/achievements/3f8b6daa-065d-4fe3-a59d-fc8cbf7ea404 -   18.465625ms
[11:18:38] 500 - GET /api/v1/achievements/3f8b6daa-065d-4fe3-a59d-fc8cbf7ea404 -   42.334792ms
[11:19:03] 200 - GET /api/v1/achievements/ -    3.607875ms
[11:19:47] 200 - GET /api/v1/achievements/b35ad8d4-57c4-4fa4-b859-fbeac0a720c5 -    3.730583ms
[11:21:30] 200 - GET /api/v1/achievements/b35ad8d4-57c4-4fa4-b859-fbeac0a720c5 -    18.21975ms
[11:21:33] 200 - GET /api/v1/achievements/b35ad8d4-57c4-4fa4-b859-fbeac0a720c5 -    1.536291ms
[11:21:54] 200 - GET /api/v1/achievements/b35ad8d4-57c4-4fa4-b859-fbeac0a720c5 -    5.558208ms
